\BOOKMARK [1][-]{section.1}{\376\377\147\102\230\171}{}% 1
\BOOKMARK [2][-]{subsection.1.1}{\376\377\000f\000a\000s\000t\000i\000o}{section.1}% 2
\BOOKMARK [2][-]{subsection.1.2}{\376\377\123\326\152\041\117\030\123\026}{section.1}% 3
\BOOKMARK [2][-]{subsection.1.3}{\376\377\000i\0002\0004}{section.1}% 4
\BOOKMARK [1][-]{section.2}{\376\377\000d\000p}{}% 5
\BOOKMARK [2][-]{subsection.2.1}{\376\377\121\263\173\126\123\125\214\003\140\047}{section.2}% 6
\BOOKMARK [3][-]{subsubsection.2.1.1}{\376\377\000S\000M\000A\000W\000K}{subsection.2.1}% 7
\BOOKMARK [3][-]{subsubsection.2.1.2}{\376\377\000L\000A\000R\000S\000C\000H}{subsection.2.1}% 8
\BOOKMARK [1][-]{section.3}{\376\377\000d\000s}{}% 9
\BOOKMARK [2][-]{subsection.3.1}{\376\377\176\277\153\265\150\021}{section.3}% 10
\BOOKMARK [3][-]{subsubsection.3.1.1}{\376\377\000z\000k\000w}{subsection.3.1}% 11
\BOOKMARK [3][-]{subsubsection.3.1.2}{\376\377\151\174\142\077\221\315\136\372}{subsection.3.1}% 12
\BOOKMARK [3][-]{subsubsection.3.1.3}{\376\377\000b\000e\000a\000t\000s}{subsection.3.1}% 13
\BOOKMARK [3][-]{subsubsection.3.1.4}{\376\377\124\010\136\166\122\006\210\302}{subsection.3.1}% 14
\BOOKMARK [3][-]{subsubsection.3.1.5}{\376\377\000K\000T\000T}{subsection.3.1}% 15
\BOOKMARK [2][-]{subsection.3.2}{\376\377\136\163\210\141\150\021}{section.3}% 16
\BOOKMARK [2][-]{subsection.3.3}{\376\377\203\253\226\037}{section.3}% 17
\BOOKMARK [2][-]{subsection.3.4}{\376\377\122\006\127\127}{section.3}% 18
\BOOKMARK [2][-]{subsection.3.5}{\376\377\142\113\121\231\000\040\000S\000T\000L}{section.3}% 19
\BOOKMARK [3][-]{subsubsection.3.5.1}{\376\377\000b\000i\000t\000s\000e\000t}{subsection.3.5}% 20
\BOOKMARK [3][-]{subsubsection.3.5.2}{\376\377\124\310\136\014\210\150}{subsection.3.5}% 21
\BOOKMARK [3][-]{subsubsection.3.5.3}{\376\377\000d\000e\000q\000u\000e}{subsection.3.5}% 22
\BOOKMARK [1][-]{section.4}{\376\377\000g\000r\000a\000p\000h}{}% 23
\BOOKMARK [2][-]{subsection.4.1}{\376\377\150\021}{section.4}% 24
\BOOKMARK [3][-]{subsubsection.4.1.1}{\376\377\153\333\153\333\206\153\122\126\122\006}{subsection.4.1}% 25
\BOOKMARK [3][-]{subsubsection.4.1.2}{\376\377\160\271\122\006\154\273}{subsection.4.1}% 26
\BOOKMARK [3][-]{subsubsection.4.1.3}{\376\377\122\250\140\001\000\040\000d\000p}{subsection.4.1}% 27
\BOOKMARK [3][-]{subsubsection.4.1.4}{\376\377\000p\000r\000u\000f\000e\000r\000\040\136\217}{subsection.4.1}% 28
\BOOKMARK [3][-]{subsubsection.4.1.5}{\376\377\136\166\147\345\226\306\124\057\123\321\137\017\122\006\210\302}{subsection.4.1}% 29
\BOOKMARK [3][-]{subsubsection.4.1.6}{\376\377\000M\000a\000i\000n\000t\000a\000i\000n\000i\000n\000g\000\040\000m\000s\000t\000\040\000w\000i\000t\000h\000\040\000o\000n\000l\000i\000n\000e\000\040\000e\000d\000g\000e\000\040\000i\000n\000s\000e\000r\000t\000i\000o\000n\000s\000\040\040\024\000\040\000n\000o\000\040\000L\000C\000T\000\040\000n\000e\000e\000d\000e\000d}{subsection.4.1}% 30
\BOOKMARK [2][-]{subsection.4.2}{\376\377\217\336\220\032\140\047}{section.4}% 31
\BOOKMARK [3][-]{subsubsection.4.2.1}{\376\377\217\271\123\314}{subsection.4.2}% 32
\BOOKMARK [3][-]{subsubsection.4.2.2}{\376\377\160\271\123\314}{subsection.4.2}% 33
\BOOKMARK [3][-]{subsubsection.4.2.3}{\376\377\123\314\147\201\133\232\124\021}{subsection.4.2}% 34
\BOOKMARK [3][-]{subsubsection.4.2.4}{\376\377\136\177\116\111\116\062\136\166\200\124\126\376}{subsection.4.2}% 35
\BOOKMARK [2][-]{subsection.4.3}{\376\377\155\101}{section.4}% 36
\BOOKMARK [3][-]{subsubsection.4.3.1}{\376\377\230\204\165\131\143\250\217\333}{subsection.4.3}% 37
\BOOKMARK [3][-]{subsubsection.4.3.2}{\376\377\123\237\131\313\133\371\120\166}{subsection.4.3}% 38
\BOOKMARK [3][-]{subsubsection.4.3.3}{\376\377\147\000\134\017\122\162\150\021}{subsection.4.3}% 39
\BOOKMARK [3][-]{subsubsection.4.3.4}{\376\377\116\000\202\054\126\376\147\000\131\047\123\071\221\115}{subsection.4.3}% 40
\BOOKMARK [2][-]{subsection.4.4}{\376\377\147\102\230\171}{section.4}% 41
\BOOKMARK [3][-]{subsubsection.4.4.1}{\376\377\153\047\142\311\126\336\215\357}{subsection.4.4}% 42
\BOOKMARK [3][-]{subsubsection.4.4.2}{\376\377\126\333\121\103\163\257\213\241\145\160}{subsection.4.4}% 43
\BOOKMARK [1][-]{section.5}{\376\377\000g\000e\000o\000m\000e\000t\000r\000y}{}% 44
\BOOKMARK [1][-]{section.6}{\376\377\000m\000a\000t\000h}{}% 45
\BOOKMARK [2][-]{subsection.6.1}{\376\377\173\133}{section.6}% 46
\BOOKMARK [2][-]{subsection.6.2}{\376\377\167\351\226\065}{section.6}% 47
\BOOKMARK [3][-]{subsubsection.6.2.1}{\376\377\232\330\145\257\155\210\121\103}{subsection.6.2}% 48
\BOOKMARK [3][-]{subsubsection.6.2.2}{\376\377\167\351\226\065\154\102\220\006}{subsection.6.2}% 49
\BOOKMARK [3][-]{subsubsection.6.2.3}{\376\377\210\114\122\027\137\017}{subsection.6.2}% 50
\BOOKMARK [3][-]{subsubsection.6.2.4}{\376\377\162\171\137\201\131\032\230\171\137\017}{subsection.6.2}% 51
\BOOKMARK [2][-]{subsection.6.3}{\376\377\000p\000o\000l\000y}{section.6}% 52
\BOOKMARK [3][-]{subsubsection.6.3.1}{\376\377\000f\000f\000t}{subsection.6.3}% 53
\BOOKMARK [3][-]{subsubsection.6.3.2}{\376\377\000n\000t\000t}{subsection.6.3}% 54
\BOOKMARK [3][-]{subsubsection.6.3.3}{\376\377\000m\000t\000t}{subsection.6.3}% 55
\BOOKMARK [3][-]{subsubsection.6.3.4}{\376\377\000n\000i\000\040\000l\000n\000\040\000e\000x\000p}{subsection.6.3}% 56
\BOOKMARK [3][-]{subsubsection.6.3.5}{\376\377\131\032\160\271\154\102\120\074}{subsection.6.3}% 57
\BOOKMARK [2][-]{subsection.6.4}{\376\377\226\306\124\010\136\102\176\247\145\160}{section.6}% 58
\BOOKMARK [3][-]{subsubsection.6.4.1}{\376\377\000F\000W\000T}{subsection.6.4}% 59
\BOOKMARK [3][-]{subsubsection.6.4.2}{\376\377\133\120\226\306\123\167\171\357}{subsection.6.4}% 60
\BOOKMARK [3][-]{subsubsection.6.4.3}{\376\377\131\032\230\171\137\017\131\015\124\010\226\306\124\010\136\102\176\247\145\160}{subsection.6.4}% 61
\BOOKMARK [2][-]{subsection.6.5}{\376\377\147\102\230\171}{section.6}% 62
\BOOKMARK [3][-]{subsubsection.6.5.1}{\376\377\143\322\120\074}{subsection.6.5}% 63
\BOOKMARK [1][-]{section.7}{\376\377\000s\000t\000r\000i\000n\000g}{}% 64
